Start testing: Nov 05 14:56 CET
----------------------------------------------------------
1/11 Testing: 001
1/11 Test: 001
Command: "/home/mueller/OpenPEARL/openpearl-code/imc2/src/imc" "-o" "/dev/null" "-S" "scripts" "-b" "tests/001/platform.xml" "tests/001/module.xml"
Directory: /home/mueller/OpenPEARL/openpearl-code/imc2
"001" start time: Nov 05 14:56 CET
Output:
----------------------------------------------------------
"scripts/utils.chaiscript"
"scripts/utils.chaiscript"
<end of output>
Test time =   0.12 sec
----------------------------------------------------------
Test Passed.
"001" end time: Nov 05 14:56 CET
"001" time elapsed: 00:00:00
----------------------------------------------------------

2/11 Testing: 002
2/11 Test: 002
Command: "/home/mueller/OpenPEARL/openpearl-code/imc2/src/imc" "-o" "/dev/null" "-S" "scripts" "-b" "tests/002/platform.xml" "tests/002/module.xml"
Directory: /home/mueller/OpenPEARL/openpearl-code/imc2
"002" start time: Nov 05 14:56 CET
Output:
----------------------------------------------------------
"scripts/utils.chaiscript"
"scripts/utils.chaiscript"
<end of output>
Test time =   0.12 sec
----------------------------------------------------------
Test Passed.
"002" end time: Nov 05 14:56 CET
"002" time elapsed: 00:00:00
----------------------------------------------------------

3/11 Testing: 003
3/11 Test: 003
Command: "/home/mueller/OpenPEARL/openpearl-code/imc2/src/imc" "-o" "/dev/null" "-S" "scripts" "-b" "tests/003/platform.xml" "tests/003/module.xml"
Directory: /home/mueller/OpenPEARL/openpearl-code/imc2
"003" start time: Nov 05 14:56 CET
Output:
----------------------------------------------------------
"scripts/utils.chaiscript"
"scripts/utils.chaiscript"
<end of output>
Test time =   0.13 sec
----------------------------------------------------------
Test Passed.
"003" end time: Nov 05 14:56 CET
"003" time elapsed: 00:00:00
----------------------------------------------------------

4/11 Testing: 004
4/11 Test: 004
Command: "/home/mueller/OpenPEARL/openpearl-code/imc2/src/imc" "-o" "/dev/null" "-S" "scripts" "-b" "tests/004/platform.xml" "tests/004/module_1.xml" "tests/004/module_2.xml"
Directory: /home/mueller/OpenPEARL/openpearl-code/imc2
"004" start time: Nov 05 14:56 CET
Output:
----------------------------------------------------------
"scripts/utils.chaiscript"
"scripts/utils.chaiscript"
<end of output>
Test time =   0.12 sec
----------------------------------------------------------
Test Passed.
"004" end time: Nov 05 14:56 CET
"004" time elapsed: 00:00:00
----------------------------------------------------------

5/11 Testing: 005
5/11 Test: 005
Command: "/home/mueller/OpenPEARL/openpearl-code/imc2/src/imc" "-o" "/dev/null" "-S" "scripts" "-b" "tests/005/platform.xml" "tests/005/module.xml"
Directory: /home/mueller/OpenPEARL/openpearl-code/imc2
"005" start time: Nov 05 14:56 CET
Output:
----------------------------------------------------------
"scripts/utils.chaiscript"
"scripts/utils.chaiscript"
<end of output>
Test time =   0.12 sec
----------------------------------------------------------
Test Passed.
"005" end time: Nov 05 14:57 CET
"005" time elapsed: 00:00:00
----------------------------------------------------------

6/11 Testing: 006
6/11 Test: 006
Command: "/home/mueller/OpenPEARL/openpearl-code/imc2/src/imc" "-o" "/dev/null" "-S" "scripts" "-b" "tests/006/platform.xml" "tests/006/module.xml"
Directory: /home/mueller/OpenPEARL/openpearl-code/imc2
"006" start time: Nov 05 14:57 CET
Output:
----------------------------------------------------------
"scripts/utils.chaiscript"
"scripts/utils.chaiscript"
[ERROR]: Error constructing ParameterType instance: No data in node
[ERROR]: Constructing ParameterInstance failed
[ERROR]: Error while parsing 'module.system'.
[ERROR]: Error while reading module
<end of output>
Test time =   0.08 sec
----------------------------------------------------------
Test Passed.
"006" end time: Nov 05 14:57 CET
"006" time elapsed: 00:00:00
----------------------------------------------------------

7/11 Testing: 007
7/11 Test: 007
Command: "/home/mueller/OpenPEARL/openpearl-code/imc2/src/imc" "-o" "/dev/null" "-S" "scripts" "-b" "tests/007/platform.xml" "tests/007/module.xml"
Directory: /home/mueller/OpenPEARL/openpearl-code/imc2
"007" start time: Nov 05 14:57 CET
Output:
----------------------------------------------------------
"scripts/utils.chaiscript"
"scripts/utils.chaiscript"
<end of output>
Test time =   0.12 sec
----------------------------------------------------------
Test Passed.
"007" end time: Nov 05 14:57 CET
"007" time elapsed: 00:00:00
----------------------------------------------------------

8/11 Testing: 008
8/11 Test: 008
Command: "/home/mueller/OpenPEARL/openpearl-code/imc2/src/imc" "-o" "/dev/null" "-S" "scripts" "-b" "tests/008/platform.xml" "tests/008/module.xml"
Directory: /home/mueller/OpenPEARL/openpearl-code/imc2
"008" start time: Nov 05 14:57 CET
Output:
----------------------------------------------------------
"scripts/utils.chaiscript"
"scripts/utils.chaiscript"
[ERROR]: Unknown child: 
[ERROR]: Error while parsing 'module.system'.
[ERROR]: Error while reading module
<end of output>
Test time =   0.08 sec
----------------------------------------------------------
Test Passed.
"008" end time: Nov 05 14:57 CET
"008" time elapsed: 00:00:00
----------------------------------------------------------

9/11 Testing: 009
9/11 Test: 009
Command: "/home/mueller/OpenPEARL/openpearl-code/imc2/src/imc" "-o" "/dev/null" "-S" "scripts" "-b" "tests/009/platform.xml" "tests/009/module.xml"
Directory: /home/mueller/OpenPEARL/openpearl-code/imc2
"009" start time: Nov 05 14:57 CET
Output:
----------------------------------------------------------
"scripts/utils.chaiscript"
"scripts/utils.chaiscript"
[ERROR]: Error constructing ParameterType instance: No data in node
[ERROR]: Constructing ParameterInstance failed
[ERROR]: Error while parsing 'module.system'.
[ERROR]: Error while reading module
<end of output>
Test time =   0.08 sec
----------------------------------------------------------
Test Passed.
"009" end time: Nov 05 14:57 CET
"009" time elapsed: 00:00:00
----------------------------------------------------------

10/11 Testing: 010
10/11 Test: 010
Command: "/home/mueller/OpenPEARL/openpearl-code/imc2/src/imc" "-o" "/dev/null" "-S" "scripts" "-b" "tests/010/platform.xml" "tests/010/module.xml"
Directory: /home/mueller/OpenPEARL/openpearl-code/imc2
"010" start time: Nov 05 14:57 CET
Output:
----------------------------------------------------------
"scripts/utils.chaiscript"
"scripts/utils.chaiscript"
[ERROR]: Colliding parameters found: Layout(name = PCF8574Out, addr = '20'B4, bits = [1, 0, 0, 0, 0, 0, 0, 0, ])) <=> Layout(name = PCF8574Out, addr = '20'B4, bits = [1, 0, 0, 0, 0, 0, 0, 0, ]))

[ERROR]: Error ...
<end of output>
Test time =   0.14 sec
----------------------------------------------------------
Test Passed.
"010" end time: Nov 05 14:57 CET
"010" time elapsed: 00:00:00
----------------------------------------------------------

11/11 Testing: 011
11/11 Test: 011
Command: "/home/mueller/OpenPEARL/openpearl-code/imc2/src/imc" "-o" "/dev/null" "-S" "scripts" "-b" "tests/011/platform.xml" "tests/011/module.xml"
Directory: /home/mueller/OpenPEARL/openpearl-code/imc2
"011" start time: Nov 05 14:57 CET
Output:
----------------------------------------------------------
"scripts/utils.chaiscript"
"scripts/utils.chaiscript"
[ERROR]: Parameter error: ''21'B4' does not match restriction: ValueRestriction(72, 73, 74, 75, 76, 77, 78, 79, ) in ParameterInstance(value = ''21'B4', type = 2')

[ERROR]: Error ...
<end of output>
Test time =   0.13 sec
----------------------------------------------------------
Test Passed.
"011" end time: Nov 05 14:57 CET
"011" time elapsed: 00:00:00
----------------------------------------------------------

End testing: Nov 05 14:57 CET
